<?xml version="1.0" encoding="UTF-8"?>
<testng-results ignored="0" total="7" passed="7" failed="0" skipped="0">
  <reporter-output>
  </reporter-output>
  <suite started-at="2024-09-07T18:54:25 IST" name="masterSuite" finished-at="2024-09-07T18:54:47 IST" duration-ms="22214">
    <groups>
      <group name="regression">
        <method signature="TC01_AdminPageTest.loginWithValidCredentials()[pri:0, instance:testCases.TC01_AdminPageTest@7586beff]" name="loginWithValidCredentials" class="testCases.TC01_AdminPageTest"/>
        <method signature="TC01_AdminPageTest.clickAdminButton()[pri:1, instance:testCases.TC01_AdminPageTest@7586beff]" name="clickAdminButton" class="testCases.TC01_AdminPageTest"/>
        <method signature="TC01_AdminPageTest.testSearchValidSystemUsers(java.lang.String)[pri:2, instance:testCases.TC01_AdminPageTest@7586beff]" name="testSearchValidSystemUsers" class="testCases.TC01_AdminPageTest"/>
        <method signature="TC01_AdminPageTest.testSearchInvalidSystemUsers(java.lang.String)[pri:3, instance:testCases.TC01_AdminPageTest@7586beff]" name="testSearchInvalidSystemUsers" class="testCases.TC01_AdminPageTest"/>
        <method signature="TC01_AdminPageTest.logout()[pri:4, instance:testCases.TC01_AdminPageTest@7586beff]" name="logout" class="testCases.TC01_AdminPageTest"/>
      </group> <!-- regression -->
      <group name="master">
        <method signature="TC01_AdminPageTest.loginWithValidCredentials()[pri:0, instance:testCases.TC01_AdminPageTest@7586beff]" name="loginWithValidCredentials" class="testCases.TC01_AdminPageTest"/>
        <method signature="TC01_AdminPageTest.clickAdminButton()[pri:1, instance:testCases.TC01_AdminPageTest@7586beff]" name="clickAdminButton" class="testCases.TC01_AdminPageTest"/>
        <method signature="TC01_AdminPageTest.testSearchValidSystemUsers(java.lang.String)[pri:2, instance:testCases.TC01_AdminPageTest@7586beff]" name="testSearchValidSystemUsers" class="testCases.TC01_AdminPageTest"/>
        <method signature="TC01_AdminPageTest.testSearchInvalidSystemUsers(java.lang.String)[pri:3, instance:testCases.TC01_AdminPageTest@7586beff]" name="testSearchInvalidSystemUsers" class="testCases.TC01_AdminPageTest"/>
        <method signature="TC01_AdminPageTest.logout()[pri:4, instance:testCases.TC01_AdminPageTest@7586beff]" name="logout" class="testCases.TC01_AdminPageTest"/>
      </group> <!-- master -->
    </groups>
    <test started-at="2024-09-07T18:54:25 IST" name="loginPageTest" finished-at="2024-09-07T18:54:47 IST" duration-ms="22214">
      <class name="testCases.TC01_AdminPageTest">
        <test-method is-config="true" signature="setUp(java.lang.String,java.lang.String)[pri:0, instance:testCases.TC01_AdminPageTest@7586beff]" started-at="2024-09-07T18:54:25 IST" name="setUp" finished-at="2024-09-07T18:54:37 IST" duration-ms="11689" status="PASS">
          <params>
            <param index="0">
              <value>
                <![CDATA[windows]]>
              </value>
            </param>
            <param index="1">
              <value>
                <![CDATA[chrome]]>
              </value>
            </param>
          </params>
          <reporter-output>
          </reporter-output>
        </test-method> <!-- setUp -->
        <test-method signature="loginWithValidCredentials()[pri:0, instance:testCases.TC01_AdminPageTest@7586beff]" started-at="2024-09-07T18:54:37 IST" name="loginWithValidCredentials" finished-at="2024-09-07T18:54:40 IST" duration-ms="3152" status="PASS">
          <reporter-output>
          </reporter-output>
        </test-method> <!-- loginWithValidCredentials -->
        <test-method signature="clickAdminButton()[pri:1, instance:testCases.TC01_AdminPageTest@7586beff]" started-at="2024-09-07T18:54:40 IST" name="clickAdminButton" finished-at="2024-09-07T18:54:42 IST" duration-ms="1496" status="PASS">
          <reporter-output>
          </reporter-output>
        </test-method> <!-- clickAdminButton -->
        <test-method signature="testSearchValidSystemUsers(java.lang.String)[pri:2, instance:testCases.TC01_AdminPageTest@7586beff]" started-at="2024-09-07T18:54:42 IST" name="testSearchValidSystemUsers" data-provider="validSearchTerms" finished-at="2024-09-07T18:54:43 IST" duration-ms="1428" status="PASS">
          <params>
            <param index="0">
              <value>
                <![CDATA[Admin]]>
              </value>
            </param>
          </params>
          <reporter-output>
          </reporter-output>
        </test-method> <!-- testSearchValidSystemUsers -->
        <test-method signature="testSearchValidSystemUsers(java.lang.String)[pri:2, instance:testCases.TC01_AdminPageTest@7586beff]" started-at="2024-09-07T18:54:43 IST" name="testSearchValidSystemUsers" data-provider="validSearchTerms" finished-at="2024-09-07T18:54:44 IST" duration-ms="717" status="PASS">
          <params>
            <param index="0">
              <value>
                <![CDATA[Admin]]>
              </value>
            </param>
          </params>
          <reporter-output>
          </reporter-output>
        </test-method> <!-- testSearchValidSystemUsers -->
        <test-method signature="testSearchInvalidSystemUsers(java.lang.String)[pri:3, instance:testCases.TC01_AdminPageTest@7586beff]" started-at="2024-09-07T18:54:44 IST" name="testSearchInvalidSystemUsers" data-provider="invalidSearchTerms" finished-at="2024-09-07T18:54:45 IST" duration-ms="722" status="PASS">
          <params>
            <param index="0">
              <value>
                <![CDATA[AAA]]>
              </value>
            </param>
          </params>
          <reporter-output>
          </reporter-output>
        </test-method> <!-- testSearchInvalidSystemUsers -->
        <test-method signature="testSearchInvalidSystemUsers(java.lang.String)[pri:3, instance:testCases.TC01_AdminPageTest@7586beff]" started-at="2024-09-07T18:54:45 IST" name="testSearchInvalidSystemUsers" data-provider="invalidSearchTerms" finished-at="2024-09-07T18:54:46 IST" duration-ms="796" status="PASS">
          <params>
            <param index="0">
              <value>
                <![CDATA[BBB]]>
              </value>
            </param>
          </params>
          <reporter-output>
          </reporter-output>
        </test-method> <!-- testSearchInvalidSystemUsers -->
        <test-method signature="logout()[pri:4, instance:testCases.TC01_AdminPageTest@7586beff]" started-at="2024-09-07T18:54:46 IST" name="logout" finished-at="2024-09-07T18:54:47 IST" duration-ms="1084" status="PASS">
          <reporter-output>
          </reporter-output>
        </test-method> <!-- logout -->
        <test-method is-config="true" signature="tearDown()[pri:0, instance:testCases.TC01_AdminPageTest@7586beff]" started-at="2024-09-07T18:54:47 IST" name="tearDown" finished-at="2024-09-07T18:54:47 IST" duration-ms="333" status="PASS">
          <reporter-output>
          </reporter-output>
        </test-method> <!-- tearDown -->
      </class> <!-- testCases.TC01_AdminPageTest -->
    </test> <!-- loginPageTest -->
  </suite> <!-- masterSuite -->
</testng-results>
