<?xml version="1.0" encoding="UTF-8"?>
<!-- Generated by org.testng.reporters.JUnitXMLReporter -->
<testsuite ignored="0" hostname="DESKTOP-B7I2MM8" failures="0" tests="4" name="edgeTest" time="242.419" errors="0" timestamp="2024-09-24T07:45:50 IST">
  <testcase classname="testCases.TC02_LoginDDT" name="validLogin" time="0.0">
    <skipped/>
  </testcase> <!-- validLogin -->
  <testcase classname="testCases.TC02_LoginDDT" name="validLogin" time="0.0">
    <skipped/>
  </testcase> <!-- validLogin -->
  <testcase classname="testCases.TC02_LoginDDT" name="invalidLogin" time="0.0">
    <skipped/>
  </testcase> <!-- invalidLogin -->
  <testcase classname="testCases.TC02_LoginDDT" name="invalidLogin" time="0.0">
    <skipped/>
  </testcase> <!-- invalidLogin -->
</testsuite> <!-- edgeTest -->
