<?xml version="1.0" encoding="UTF-8"?>
<!-- Generated by org.testng.reporters.JUnitXMLReporter -->
<testsuite ignored="0" hostname="DESKTOP-B7I2MM8" failures="0" tests="4" name="firefoxTest" time="99.374" errors="0" timestamp="2024-09-24T07:47:29 IST">
  <testcase classname="testCases.TC02_LoginDDT" name="validLogin" time="23.507"/>
  <testcase classname="testCases.TC02_LoginDDT" name="validLogin" time="4.647"/>
  <testcase classname="testCases.TC02_LoginDDT" name="invalidLogin" time="2.276"/>
  <testcase classname="testCases.TC02_LoginDDT" name="invalidLogin" time="2.217"/>
</testsuite> <!-- firefoxTest -->
