<?xml version="1.0" encoding="UTF-8"?>
<!-- Generated by org.testng.reporters.JUnitXMLReporter -->
<testsuite ignored="0" hostname="DESKTOP-B7I2MM8" failures="0" tests="3" name="loginPageTest" time="43.817" errors="0" timestamp="2024-08-11T07:29:35 IST">
  <testcase classname="testCases.TC00_LoginPageTest" name="loginWithInvalidCredentials" time="12.354"/>
  <testcase classname="testCases.TC00_LoginPageTest" name="loginWithValidCredentials" time="4.112"/>
  <testcase classname="testCases.TC00_LoginPageTest" name="clickAdminButton" time="1.553"/>
</testsuite> <!-- loginPageTest -->
