<?xml version="1.0" encoding="UTF-8"?>
<testng-results ignored="0" total="4" passed="4" failed="0" skipped="0">
  <reporter-output>
  </reporter-output>
  <suite started-at="2024-08-08T11:39:10 IST" name="Suite" finished-at="2024-08-08T11:39:37 IST" duration-ms="27075">
    <groups>
    </groups>
    <test started-at="2024-08-08T11:39:10 IST" name="Test" finished-at="2024-08-08T11:39:37 IST" duration-ms="27075">
      <class name="pom.testautomationpractice.testCases.TestCase_Temp">
        <test-method is-config="true" signature="setUp(java.lang.String)[pri:0, instance:pom.testautomationpractice.testCases.TestCase_Temp@5656be13]" started-at="2024-08-08T11:39:10 IST" name="setUp" finished-at="2024-08-08T11:39:30 IST" duration-ms="20013" status="PASS">
          <params>
            <param index="0">
              <value>
                <![CDATA[https://testautomationpractice.blogspot.com/]]>
              </value>
            </param>
          </params>
          <reporter-output>
          </reporter-output>
        </test-method> <!-- setUp -->
        <test-method signature="testName()[pri:1, instance:pom.testautomationpractice.testCases.TestCase_Temp@5656be13]" started-at="2024-08-08T11:39:30 IST" name="testName" finished-at="2024-08-08T11:39:30 IST" duration-ms="454" status="PASS">
          <reporter-output>
          </reporter-output>
        </test-method> <!-- testName -->
        <test-method signature="testGenderInput()[pri:2, instance:pom.testautomationpractice.testCases.TestCase_Temp@5656be13]" started-at="2024-08-08T11:39:30 IST" name="testGenderInput" finished-at="2024-08-08T11:39:31 IST" duration-ms="267" status="PASS">
          <reporter-output>
          </reporter-output>
        </test-method> <!-- testGenderInput -->
        <test-method signature="testDOBInput()[pri:3, instance:pom.testautomationpractice.testCases.TestCase_Temp@5656be13]" started-at="2024-08-08T11:39:31 IST" name="testDOBInput" finished-at="2024-08-08T11:39:32 IST" duration-ms="1225" status="PASS">
          <reporter-output>
          </reporter-output>
        </test-method> <!-- testDOBInput -->
        <test-method signature="testJobInput()[pri:4, instance:pom.testautomationpractice.testCases.TestCase_Temp@5656be13]" started-at="2024-08-08T11:39:32 IST" name="testJobInput" finished-at="2024-08-08T11:39:33 IST" duration-ms="1515" status="PASS">
          <reporter-output>
          </reporter-output>
        </test-method> <!-- testJobInput -->
        <test-method is-config="true" signature="tearDown()[pri:0, instance:pom.testautomationpractice.testCases.TestCase_Temp@5656be13]" started-at="2024-08-08T11:39:33 IST" name="tearDown" finished-at="2024-08-08T11:39:37 IST" duration-ms="3503" status="PASS">
          <reporter-output>
          </reporter-output>
        </test-method> <!-- tearDown -->
      </class> <!-- pom.testautomationpractice.testCases.TestCase_Temp -->
    </test> <!-- Test -->
  </suite> <!-- Suite -->
</testng-results>
