<?xml version="1.0" encoding="UTF-8"?>
<!-- Generated by org.testng.reporters.JUnitXMLReporter -->
<testsuite ignored="0" hostname="DESKTOP-B7I2MM8" failures="0" tests="4" name="Test00" time="0.24" errors="0" timestamp="2024-08-02T11:52:44 IST">
  <testcase classname="testNG.Annotations.TestCase00" name="test" time="0.01"/>
  <testcase classname="testNG.Annotations.TestCase02" name="method0" time="0.003"/>
  <testcase classname="testNG.Annotations.TestCase02" name="method1" time="0.008"/>
  <testcase classname="testNG.Annotations.TestCase01" name="test" time="0.01"/>
</testsuite> <!-- Test00 -->
