<?xml version="1.0" encoding="UTF-8"?>
<!-- Generated by org.testng.reporters.JUnitXMLReporter -->
<testsuite ignored="0" hostname="DESKTOP-B7I2MM8" failures="3" tests="12" name="loginPageTest" time="89.347" errors="0" timestamp="2024-08-25T09:23:49 IST">
  <testcase classname="testCases.TC00_LoginPageTest" name="loginWithValidCredentials" time="6.159"/>
  <testcase classname="testCases.TC00_LoginPageTest" name="loginWithValidCredentials" time="3.635"/>
  <testcase classname="testCases.TC01_AdminPageTest" name="loginWithValidCredentials" time="2.719"/>
  <testcase classname="testCases.TC01_AdminPageTest" name="clickAdminButton" time="1.297"/>
  <testcase classname="testCases.TC01_AdminPageTest" name="testSearchSystemUsers" time="1.204"/>
  <testcase classname="testCases.TC01_AdminPageTest" name="testSearchSystemUsers" time="0.627"/>
  <testcase classname="testCases.TC01_AdminPageTest" name="testSearchSystemUsers" time="10.245">
    <failure type="java.lang.AssertionError" message="(Exception) No records found.">
      <![CDATA[java.lang.AssertionError: (Exception) No records found.
at testCases.TC01_AdminPageTest.testSearchSystemUsers(TC01_AdminPageTest.java:54)
at java.base/java.util.ArrayList.forEach(ArrayList.java:1511)
... Removed 28 stack frames]]>
    </failure>
  </testcase> <!-- testSearchSystemUsers -->
  <testcase classname="testCases.TC01_AdminPageTest" name="logout" time="1.073"/>
  <testcase classname="testCases.TC03_LoginDDT" name="login" time="4.236"/>
  <testcase classname="testCases.TC03_LoginDDT" name="login" time="11.318">
    <failure type="java.lang.AssertionError" message="Invalid credentials.">
      <![CDATA[java.lang.AssertionError: Invalid credentials.
at testCases.TC03_LoginDDT.login(TC03_LoginDDT.java:30)
at java.base/java.util.ArrayList.forEach(ArrayList.java:1511)
... Removed 28 stack frames]]>
    </failure>
  </testcase> <!-- login -->
  <testcase classname="testCases.TC03_LoginDDT" name="login" time="11.181">
    <failure type="java.lang.AssertionError" message="Invalid credentials.">
      <![CDATA[java.lang.AssertionError: Invalid credentials.
at testCases.TC03_LoginDDT.login(TC03_LoginDDT.java:30)
at java.base/java.util.ArrayList.forEach(ArrayList.java:1511)
... Removed 28 stack frames]]>
    </failure>
  </testcase> <!-- login -->
  <testcase classname="testCases.TC03_LoginDDT" name="login" time="3.263"/>
</testsuite> <!-- loginPageTest -->
