<?xml version="1.0" encoding="UTF-8"?>
<!-- Generated by org.testng.reporters.JUnitXMLReporter -->
<testsuite ignored="5" hostname="DESKTOP-B7I2MM8" failures="2" tests="4" name="loginPageTest" time="86.252" errors="0" timestamp="2024-08-25T07:49:40 IST">
  <testcase classname="testCases.TC03_LoginDDT" name="login" time="5.81"/>
  <testcase classname="testCases.TC03_LoginDDT" name="login" time="12.158">
    <failure type="java.lang.AssertionError" message="Invalid credentials.">
      <![CDATA[java.lang.AssertionError: Invalid credentials.
at testCases.TC03_LoginDDT.login(TC03_LoginDDT.java:31)
at java.base/java.util.ArrayList.forEach(ArrayList.java:1511)
... Removed 28 stack frames]]>
    </failure>
  </testcase> <!-- login -->
  <testcase classname="testCases.TC03_LoginDDT" name="login" time="11.101">
    <failure type="java.lang.AssertionError" message="Invalid credentials.">
      <![CDATA[java.lang.AssertionError: Invalid credentials.
at testCases.TC03_LoginDDT.login(TC03_LoginDDT.java:31)
at java.base/java.util.ArrayList.forEach(ArrayList.java:1511)
... Removed 28 stack frames]]>
    </failure>
  </testcase> <!-- login -->
  <testcase classname="testCases.TC03_LoginDDT" name="login" time="3.547"/>
  <testcase classname="testCases.TC01_AdminPageTest" name="loginWithValidCredentials" time="0.0">
    <ignored/>
  </testcase> <!-- loginWithValidCredentials -->
  <testcase classname="testCases.TC01_AdminPageTest" name="logout" time="0.0">
    <ignored/>
  </testcase> <!-- logout -->
  <testcase classname="testCases.TC01_AdminPageTest" name="clickAdminButton" time="0.0">
    <ignored/>
  </testcase> <!-- clickAdminButton -->
  <testcase classname="testCases.TC00_LoginPageTest" name="loginWithValidCredentials" time="0.0">
    <ignored/>
  </testcase> <!-- loginWithValidCredentials -->
  <testcase classname="testCases.TC01_AdminPageTest" name="testSearchSystemUsers" time="0.0">
    <ignored/>
  </testcase> <!-- testSearchSystemUsers -->
</testsuite> <!-- loginPageTest -->
